Flow report for ipselector
Thu Jun 29 00:30:18 2023
Quartus Prime Version 22.1std.0 Build 915 10/25/2022 SC Lite Edition


---------------------
; Table of Contents ;
---------------------
  1. Legal Notice
  2. Flow Summary
  3. Flow Settings
  4. Flow Non-Default Global Settings
  5. Flow Elapsed Time
  6. Flow OS Summary
  7. Flow Log
  8. Flow Messages
  9. Flow Suppressed Messages



----------------
; Legal Notice ;
----------------
Copyright (C) 2022  Intel Corporation. All rights reserved.
Your use of Intel Corporation's design tools, logic functions 
and other software and tools, and any partner logic 
functions, and any output files from any of the foregoing 
(including device programming or simulation files), and any 
associated documentation or information are expressly subject 
to the terms and conditions of the Intel Program License 
Subscription Agreement, the Intel Quartus Prime License Agreement,
the Intel FPGA IP License Agreement, or other applicable license
agreement, including, without limitation, that your use is for
the sole purpose of programming logic devices manufactured by
Intel and sold by Intel or its authorized distributors.  Please
refer to the applicable agreement for further details, at
https://fpgasoftware.intel.com/eula.



+-------------------------------------------------------------------------------------+
; Flow Summary                                                                        ;
+------------------------------------+------------------------------------------------+
; Flow Status                        ; Successful - Thu Jun 29 00:30:18 2023          ;
; Quartus Prime Version              ; 22.1std.0 Build 915 10/25/2022 SC Lite Edition ;
; Revision Name                      ; ipselector                                     ;
; Top-level Entity Name              ; ipselector                                     ;
; Family                             ; MAX 10                                         ;
; Device                             ; 10M50DAF484C7G                                 ;
; Timing Models                      ; Final                                          ;
; Total logic elements               ; 17,246 / 49,760 ( 35 % )                       ;
;     Total combinational functions  ; 17,038 / 49,760 ( 34 % )                       ;
;     Dedicated logic registers      ; 6,683 / 49,760 ( 13 % )                        ;
; Total registers                    ; 6683                                           ;
; Total pins                         ; 10 / 360 ( 3 % )                               ;
; Total virtual pins                 ; 0                                              ;
; Total memory bits                  ; 1,256,448 / 1,677,312 ( 75 % )                 ;
; Embedded Multiplier 9-bit elements ; 250 / 288 ( 87 % )                             ;
; Total PLLs                         ; 0 / 4 ( 0 % )                                  ;
; UFM blocks                         ; 0 / 1 ( 0 % )                                  ;
; ADC blocks                         ; 0 / 2 ( 0 % )                                  ;
+------------------------------------+------------------------------------------------+


+-----------------------------------------+
; Flow Settings                           ;
+-------------------+---------------------+
; Option            ; Setting             ;
+-------------------+---------------------+
; Start date & time ; 06/29/2023 00:26:03 ;
; Main task         ; Compilation         ;
; Revision Name     ; ipselector          ;
+-------------------+---------------------+


+------------------------------------------------------------------------------------------------------------------------------------------------+
; Flow Non-Default Global Settings                                                                                                               ;
+-------------------------------------+----------------------------------------+---------------+-------------+-----------------------------------+
; Assignment Name                     ; Value                                  ; Default Value ; Entity Name ; Section Id                        ;
+-------------------------------------+----------------------------------------+---------------+-------------+-----------------------------------+
; COMPILER_SIGNATURE_ID               ; 1097977690423.168798756319228          ; --            ; --          ; --                                ;
; EDA_GENERATE_FUNCTIONAL_NETLIST     ; Off                                    ; --            ; --          ; eda_board_design_timing           ;
; EDA_GENERATE_FUNCTIONAL_NETLIST     ; Off                                    ; --            ; --          ; eda_board_design_boundary_scan    ;
; EDA_GENERATE_FUNCTIONAL_NETLIST     ; Off                                    ; --            ; --          ; eda_board_design_signal_integrity ;
; EDA_GENERATE_FUNCTIONAL_NETLIST     ; Off                                    ; --            ; --          ; eda_board_design_symbol           ;
; EDA_OUTPUT_DATA_FORMAT              ; Verilog Hdl                            ; --            ; --          ; eda_simulation                    ;
; EDA_SIMULATION_TOOL                 ; Questa Intel FPGA (Verilog)            ; <None>        ; --          ; --                                ;
; EDA_TIME_SCALE                      ; 1 ps                                   ; --            ; --          ; eda_simulation                    ;
; MAX_CORE_JUNCTION_TEMP              ; 85                                     ; --            ; --          ; --                                ;
; MIN_CORE_JUNCTION_TEMP              ; 0                                      ; --            ; --          ; --                                ;
; MISC_FILE                           ; blk_mem_gen_0.bsf                      ; --            ; --          ; --                                ;
; MISC_FILE                           ; blk_mem_gen_0_inst.v                   ; --            ; --          ; --                                ;
; MISC_FILE                           ; blk_mem_gen_0_bb.v                     ; --            ; --          ; --                                ;
; MISC_FILE                           ; blk_mem_gen_0.inc                      ; --            ; --          ; --                                ;
; MISC_FILE                           ; blk_mem_gen_0.cmp                      ; --            ; --          ; --                                ;
; MISC_FILE                           ; blk_mem_gen_1.bsf                      ; --            ; --          ; --                                ;
; MISC_FILE                           ; blk_mem_gen_1_inst.v                   ; --            ; --          ; --                                ;
; MISC_FILE                           ; blk_mem_gen_1_bb.v                     ; --            ; --          ; --                                ;
; MISC_FILE                           ; blk_mem_gen_1.inc                      ; --            ; --          ; --                                ;
; MISC_FILE                           ; blk_mem_gen_1.cmp                      ; --            ; --          ; --                                ;
; MISC_FILE                           ; blk_mem_gen_2.bsf                      ; --            ; --          ; --                                ;
; MISC_FILE                           ; blk_mem_gen_2_inst.v                   ; --            ; --          ; --                                ;
; MISC_FILE                           ; blk_mem_gen_2_bb.v                     ; --            ; --          ; --                                ;
; MISC_FILE                           ; blk_mem_gen_2.inc                      ; --            ; --          ; --                                ;
; MISC_FILE                           ; blk_mem_gen_2.cmp                      ; --            ; --          ; --                                ;
; OUTPUT_IO_TIMING_FAR_END_VMEAS      ; Half Signal Swing                      ; --            ; --          ; --                                ;
; OUTPUT_IO_TIMING_FAR_END_VMEAS      ; Half Signal Swing                      ; --            ; --          ; --                                ;
; OUTPUT_IO_TIMING_NEAR_END_VMEAS     ; Half Vccio                             ; --            ; --          ; --                                ;
; OUTPUT_IO_TIMING_NEAR_END_VMEAS     ; Half Vccio                             ; --            ; --          ; --                                ;
; PARTITION_COLOR                     ; -- (Not supported for targeted family) ; --            ; --          ; Top                               ;
; PARTITION_FITTER_PRESERVATION_LEVEL ; -- (Not supported for targeted family) ; --            ; --          ; Top                               ;
; PARTITION_NETLIST_TYPE              ; -- (Not supported for targeted family) ; --            ; --          ; Top                               ;
; POWER_BOARD_THERMAL_MODEL           ; None (CONSERVATIVE)                    ; --            ; --          ; --                                ;
; POWER_PRESET_COOLING_SOLUTION       ; 23 MM HEAT SINK WITH 200 LFPM AIRFLOW  ; --            ; --          ; --                                ;
; PROJECT_OUTPUT_DIRECTORY            ; output_files                           ; --            ; --          ; --                                ;
+-------------------------------------+----------------------------------------+---------------+-------------+-----------------------------------+


+--------------------------------------------------------------------------------------------------------------------------+
; Flow Elapsed Time                                                                                                        ;
+----------------------+--------------+-------------------------+---------------------+------------------------------------+
; Module Name          ; Elapsed Time ; Average Processors Used ; Peak Virtual Memory ; Total CPU Time (on all processors) ;
+----------------------+--------------+-------------------------+---------------------+------------------------------------+
; Analysis & Synthesis ; 00:02:38     ; 1.0                     ; 5128 MB             ; 00:02:57                           ;
; Fitter               ; 00:01:01     ; 1.6                     ; 5900 MB             ; 00:01:56                           ;
; Assembler            ; 00:00:06     ; 1.0                     ; 4795 MB             ; 00:00:06                           ;
; Timing Analyzer      ; 00:00:14     ; 2.5                     ; 5018 MB             ; 00:00:31                           ;
; EDA Netlist Writer   ; 00:00:06     ; 1.0                     ; 4773 MB             ; 00:00:06                           ;
; Total                ; 00:04:05     ; --                      ; --                  ; 00:05:36                           ;
+----------------------+--------------+-------------------------+---------------------+------------------------------------+


+------------------------------------------------------------------------------------+
; Flow OS Summary                                                                    ;
+----------------------+------------------+------------+------------+----------------+
; Module Name          ; Machine Hostname ; OS Name    ; OS Version ; Processor type ;
+----------------------+------------------+------------+------------+----------------+
; Analysis & Synthesis ; DESKTOP-NBNDN06  ; Windows 10 ; 10.0       ; x86_64         ;
; Fitter               ; DESKTOP-NBNDN06  ; Windows 10 ; 10.0       ; x86_64         ;
; Assembler            ; DESKTOP-NBNDN06  ; Windows 10 ; 10.0       ; x86_64         ;
; Timing Analyzer      ; DESKTOP-NBNDN06  ; Windows 10 ; 10.0       ; x86_64         ;
; EDA Netlist Writer   ; DESKTOP-NBNDN06  ; Windows 10 ; 10.0       ; x86_64         ;
+----------------------+------------------+------------+------------+----------------+


------------
; Flow Log ;
------------
quartus_map --read_settings_files=on --write_settings_files=off ipselector -c ipselector
quartus_fit --read_settings_files=off --write_settings_files=off ipselector -c ipselector
quartus_asm --read_settings_files=off --write_settings_files=off ipselector -c ipselector
quartus_sta ipselector -c ipselector
quartus_eda --read_settings_files=off --write_settings_files=off ipselector -c ipselector



